0 info it worked if it ends with ok
1 verbose cli [ 'D:\\Program Files\\nodejs\\node.exe',
1 verbose cli   'D:\\Program Files\\nodejs\\node_modules\\npm\\bin\\npm-cli.js',
1 verbose cli   'install',
1 verbose cli   'memwatch' ]
2 info using npm@3.10.10
3 info using node@v6.11.2
4 silly loadCurrentTree Starting
5 silly install loadCurrentTree
6 silly install readLocalPackageData
7 silly fetchPackageMetaData memwatch
8 silly fetchNamedPackageData memwatch
9 silly mapToRegistry name memwatch
10 silly mapToRegistry using default registry
11 silly mapToRegistry registry https://registry.npmjs.org/
12 silly mapToRegistry data Result {
12 silly mapToRegistry   raw: 'memwatch',
12 silly mapToRegistry   scope: null,
12 silly mapToRegistry   escapedName: 'memwatch',
12 silly mapToRegistry   name: 'memwatch',
12 silly mapToRegistry   rawSpec: '',
12 silly mapToRegistry   spec: 'latest',
12 silly mapToRegistry   type: 'tag' }
13 silly mapToRegistry uri https://registry.npmjs.org/memwatch
14 verbose request uri https://registry.npmjs.org/memwatch
15 verbose request no auth needed
16 info attempt registry request try #1 at 09:17:19
17 verbose request id c61207208267f85d
18 verbose etag "5a66abdd-93e6"
19 verbose lastModified Tue, 23 Jan 2018 3:28:29 GMT
20 http request GET https://registry.npmjs.org/memwatch
21 http 304 https://registry.npmjs.org/memwatch
22 verbose headers { date: 'Mon, 05 Feb 2018 01:17:23 GMT',
22 verbose headers   via: '1.1 varnish',
22 verbose headers   'cache-control': 'max-age=300',
22 verbose headers   etag: '"5a66abdd-93e6"',
22 verbose headers   age: '0',
22 verbose headers   connection: 'keep-alive',
22 verbose headers   'x-served-by': 'cache-hnd18747-HND',
22 verbose headers   'x-cache': 'MISS',
22 verbose headers   'x-cache-hits': '0',
22 verbose headers   'x-timer': 'S1517793443.107863,VS0,VE183',
22 verbose headers   vary: 'Accept-Encoding, Accept' }
23 silly get cb [ 304,
23 silly get   { date: 'Mon, 05 Feb 2018 01:17:23 GMT',
23 silly get     via: '1.1 varnish',
23 silly get     'cache-control': 'max-age=300',
23 silly get     etag: '"5a66abdd-93e6"',
23 silly get     age: '0',
23 silly get     connection: 'keep-alive',
23 silly get     'x-served-by': 'cache-hnd18747-HND',
23 silly get     'x-cache': 'MISS',
23 silly get     'x-cache-hits': '0',
23 silly get     'x-timer': 'S1517793443.107863,VS0,VE183',
23 silly get     vary: 'Accept-Encoding, Accept' } ]
24 verbose etag https://registry.npmjs.org/memwatch from cache
25 verbose get saving memwatch to C:\Users\Administrator\AppData\Roaming\npm-cache\registry.npmjs.org\memwatch\.cache.json
26 verbose correctMkdir C:\Users\Administrator\AppData\Roaming\npm-cache correctMkdir not in flight; initializing
27 silly install normalizeTree
28 silly loadCurrentTree Finishing
29 silly loadIdealTree Starting
30 silly install loadIdealTree
31 silly cloneCurrentTree Starting
32 silly install cloneCurrentTreeToIdealTree
33 silly cloneCurrentTree Finishing
34 silly loadShrinkwrap Starting
35 silly install loadShrinkwrap
36 silly loadShrinkwrap Finishing
37 silly loadAllDepsIntoIdealTree Starting
38 silly install loadAllDepsIntoIdealTree
39 silly resolveWithNewModule memwatch@0.2.2 checking installable status
40 silly cache add args [ 'memwatch', null ]
41 verbose cache add spec memwatch
42 silly cache add parsed spec Result {
42 silly cache add   raw: 'memwatch',
42 silly cache add   scope: null,
42 silly cache add   escapedName: 'memwatch',
42 silly cache add   name: 'memwatch',
42 silly cache add   rawSpec: '',
42 silly cache add   spec: 'latest',
42 silly cache add   type: 'tag' }
43 silly addNamed memwatch@latest
44 verbose addNamed "latest" is being treated as a dist-tag for memwatch
45 info addNameTag [ 'memwatch', 'latest' ]
46 silly mapToRegistry name memwatch
47 silly mapToRegistry using default registry
48 silly mapToRegistry registry https://registry.npmjs.org/
49 silly mapToRegistry data Result {
49 silly mapToRegistry   raw: 'memwatch',
49 silly mapToRegistry   scope: null,
49 silly mapToRegistry   escapedName: 'memwatch',
49 silly mapToRegistry   name: 'memwatch',
49 silly mapToRegistry   rawSpec: '',
49 silly mapToRegistry   spec: 'latest',
49 silly mapToRegistry   type: 'tag' }
50 silly mapToRegistry uri https://registry.npmjs.org/memwatch
51 verbose addNameTag registry:https://registry.npmjs.org/memwatch not in flight; fetching
52 verbose get https://registry.npmjs.org/memwatch not expired, no request
53 silly addNameTag next cb for memwatch with tag latest
54 silly addNamed memwatch@0.2.2
55 verbose addNamed "0.2.2" is a plain semver version for memwatch
56 silly cache afterAdd memwatch@0.2.2
57 verbose afterAdd C:\Users\Administrator\AppData\Roaming\npm-cache\memwatch\0.2.2\package\package.json not in flight; writing
58 verbose correctMkdir C:\Users\Administrator\AppData\Roaming\npm-cache correctMkdir not in flight; initializing
59 verbose afterAdd C:\Users\Administrator\AppData\Roaming\npm-cache\memwatch\0.2.2\package\package.json written
60 silly loadAllDepsIntoIdealTree Finishing
61 silly loadIdealTree Finishing
62 silly currentTree GameServer
62 silly currentTree +-- @protobufjs/aspromise@1.1.2
62 silly currentTree +-- @protobufjs/base64@1.1.2
62 silly currentTree +-- @protobufjs/codegen@2.0.4
62 silly currentTree +-- @protobufjs/eventemitter@1.1.0
62 silly currentTree +-- @protobufjs/fetch@1.1.0
62 silly currentTree +-- @protobufjs/float@1.0.2
62 silly currentTree +-- @protobufjs/inquire@1.1.0
62 silly currentTree +-- @protobufjs/path@1.1.2
62 silly currentTree +-- @protobufjs/pool@1.1.0
62 silly currentTree +-- @protobufjs/utf8@1.1.0
62 silly currentTree +-- @types/long@3.0.32
62 silly currentTree +-- @types/node@8.5.1
62 silly currentTree +-- after@0.8.2
62 silly currentTree +-- amqplib@0.5.2
62 silly currentTree | +-- isarray@0.0.1
62 silly currentTree | +-- readable-stream@1.1.14
62 silly currentTree | `-- string_decoder@0.10.31
62 silly currentTree +-- ansi-regex@2.1.1
62 silly currentTree +-- arraybuffer.slice@0.0.6
62 silly currentTree +-- ascli@1.0.1
62 silly currentTree +-- async-limiter@1.0.0
62 silly currentTree +-- async@2.1.4
62 silly currentTree +-- backo2@1.0.2
62 silly currentTree +-- balanced-match@1.0.0
62 silly currentTree +-- base64-arraybuffer@0.1.5
62 silly currentTree +-- better-assert@1.0.2
62 silly currentTree +-- bitsyntax@0.0.4
62 silly currentTree +-- blob@0.0.4
62 silly currentTree +-- bluebird@3.5.0
62 silly currentTree +-- brace-expansion@1.1.8
62 silly currentTree +-- bson@1.0.4
62 silly currentTree +-- buffer-more-ints@0.0.2
62 silly currentTree +-- buffer-shims@1.0.0
62 silly currentTree +-- bytebuffer@5.0.1
62 silly currentTree +-- callsite@1.0.0
62 silly currentTree +-- camelcase@2.1.1
62 silly currentTree +-- cliui@3.2.0
62 silly currentTree +-- co@4.6.0
62 silly currentTree +-- code-point-at@1.1.0
62 silly currentTree +-- colors@1.0.3
62 silly currentTree +-- colour@0.7.1
62 silly currentTree +-- component-bind@1.0.0
62 silly currentTree +-- component-emitter@1.2.1
62 silly currentTree +-- component-inherit@0.0.3
62 silly currentTree +-- concat-map@0.0.1
62 silly currentTree +-- core-util-is@1.0.2
62 silly currentTree +-- cycle@1.0.3
62 silly currentTree +-- debug@2.6.9
62 silly currentTree +-- decamelize@1.2.0
62 silly currentTree +-- engine.io-client@3.1.4
62 silly currentTree +-- engine.io-parser@2.1.1
62 silly currentTree +-- es6-promise@3.2.1
62 silly currentTree +-- express@4.14.0
62 silly currentTree | +-- accepts@1.3.3
62 silly currentTree | | +-- mime-types@2.1.11
62 silly currentTree | | | `-- mime-db@1.23.0
62 silly currentTree | | `-- negotiator@0.6.1
62 silly currentTree | +-- array-flatten@1.1.1
62 silly currentTree | +-- content-disposition@0.5.1
62 silly currentTree | +-- content-type@1.0.2
62 silly currentTree | +-- cookie-signature@1.0.6
62 silly currentTree | +-- cookie@0.3.1
62 silly currentTree | +-- debug@2.2.0
62 silly currentTree | | `-- ms@0.7.1
62 silly currentTree | +-- depd@1.1.0
62 silly currentTree | +-- encodeurl@1.0.1
62 silly currentTree | +-- escape-html@1.0.3
62 silly currentTree | +-- etag@1.7.0
62 silly currentTree | +-- finalhandler@0.5.0
62 silly currentTree | | +-- statuses@1.3.0
62 silly currentTree | | `-- unpipe@1.0.0
62 silly currentTree | +-- fresh@0.3.0
62 silly currentTree | +-- merge-descriptors@1.0.1
62 silly currentTree | +-- methods@1.1.2
62 silly currentTree | +-- on-finished@2.3.0
62 silly currentTree | | `-- ee-first@1.1.1
62 silly currentTree | +-- parseurl@1.3.1
62 silly currentTree | +-- path-to-regexp@0.1.7
62 silly currentTree | +-- proxy-addr@1.1.2
62 silly currentTree | | +-- forwarded@0.1.0
62 silly currentTree | | `-- ipaddr.js@1.1.1
62 silly currentTree | +-- qs@6.2.0
62 silly currentTree | +-- range-parser@1.2.0
62 silly currentTree | +-- send@0.14.1
62 silly currentTree | | +-- destroy@1.0.4
62 silly currentTree | | +-- http-errors@1.5.0
62 silly currentTree | | | +-- inherits@2.0.1
62 silly currentTree | | | `-- setprototypeof@1.0.1
62 silly currentTree | | +-- mime@1.3.4
62 silly currentTree | | +-- ms@0.7.1
62 silly currentTree | | `-- statuses@1.3.0
62 silly currentTree | +-- serve-static@1.11.1
62 silly currentTree | +-- type-is@1.6.13
62 silly currentTree | | +-- media-typer@0.3.0
62 silly currentTree | | `-- mime-types@2.1.11
62 silly currentTree | |   `-- mime-db@1.23.0
62 silly currentTree | +-- utils-merge@1.0.0
62 silly currentTree | `-- vary@1.1.0
62 silly currentTree +-- eyes@0.1.8
62 silly currentTree +-- faye-websocket@0.11.1
62 silly currentTree +-- fibers@1.0.15
62 silly currentTree +-- formidable@1.1.1
62 silly currentTree +-- fs.realpath@1.0.0
62 silly currentTree +-- glob@7.1.2
62 silly currentTree +-- google-protobuf@3.5.0
62 silly currentTree +-- has-binary2@1.0.2
62 silly currentTree +-- has-cors@1.1.0
62 silly currentTree +-- hooks-fixed@2.0.2
62 silly currentTree +-- http-parser-js@0.4.9
62 silly currentTree +-- indexof@0.0.1
62 silly currentTree +-- inflight@1.0.6
62 silly currentTree +-- inherits@2.0.3
62 silly currentTree +-- invert-kv@1.0.0
62 silly currentTree +-- is-fullwidth-code-point@1.0.0
62 silly currentTree +-- is-typedarray@1.0.0
62 silly currentTree +-- isarray@2.0.1
62 silly currentTree +-- isstream@0.1.2
62 silly currentTree +-- kareem@1.5.0
62 silly currentTree +-- knuth-shuffle@1.0.8
62 silly currentTree +-- lcid@1.0.0
62 silly currentTree +-- lodash.get@4.4.2
62 silly currentTree +-- lodash@4.17.4
62 silly currentTree +-- log4js@1.0.1
62 silly currentTree | +-- debug@2.3.3
62 silly currentTree | | `-- ms@0.7.2
62 silly currentTree | +-- semver@5.3.0
62 silly currentTree | `-- streamroller@0.2.1
62 silly currentTree |   +-- date-format@0.0.0
62 silly currentTree |   +-- debug@0.7.4
62 silly currentTree |   `-- readable-stream@1.1.14
62 silly currentTree |     +-- core-util-is@1.0.2
62 silly currentTree |     +-- inherits@2.0.3
62 silly currentTree |     +-- isarray@0.0.1
62 silly currentTree |     `-- string_decoder@0.10.31
62 silly currentTree +-- long@3.2.0
62 silly currentTree +-- minimatch@3.0.4
62 silly currentTree +-- minimist@0.0.8
62 silly currentTree +-- mkdirp@0.5.1
62 silly currentTree +-- mmq@1.0.1
62 silly currentTree | +-- mongodb-core@2.1.17
62 silly currentTree | `-- mongodb@2.2.33
62 silly currentTree +-- moment@2.20.1
62 silly currentTree +-- mongodb-core@3.0.0-rc0
62 silly currentTree +-- mongodb-queue@2.2.0
62 silly currentTree +-- mongodb@3.0.0-rc0
62 silly currentTree +-- mongoose@4.13.7
62 silly currentTree | +-- mongodb-core@2.1.17
62 silly currentTree | `-- mongodb@2.2.33
62 silly currentTree +-- mpath@0.3.0
62 silly currentTree +-- mpromise@0.5.5
62 silly currentTree +-- mquery@2.3.3
62 silly currentTree | `-- sliced@0.0.5
62 silly currentTree +-- ms@2.0.0
62 silly currentTree +-- muri@1.3.0
62 silly currentTree +-- nan@2.8.0
62 silly currentTree +-- node-uuid@1.4.8
62 silly currentTree +-- nodejs-websocket@1.7.1
62 silly currentTree +-- number-is-nan@1.0.1
62 silly currentTree +-- object-component@0.0.3
62 silly currentTree +-- once@1.4.0
62 silly currentTree +-- optjs@3.2.2
62 silly currentTree +-- os-locale@1.4.0
62 silly currentTree +-- parseqs@0.0.5
62 silly currentTree +-- parseuri@0.0.5
62 silly currentTree +-- path-is-absolute@1.0.1
62 silly currentTree +-- process-nextick-args@1.0.7
62 silly currentTree +-- protobufjs@6.8.3
62 silly currentTree +-- readable-stream@2.2.7
62 silly currentTree | `-- isarray@1.0.0
62 silly currentTree +-- regexp-clone@0.0.1
62 silly currentTree +-- require_optional@1.0.1
62 silly currentTree +-- resolve-from@2.0.0
62 silly currentTree +-- safe-buffer@5.1.1
62 silly currentTree +-- semver@5.4.1
62 silly currentTree +-- shortid@2.2.8
62 silly currentTree +-- sliced@1.0.1
62 silly currentTree +-- socket.io-client@2.0.4
62 silly currentTree +-- socket.io-parser@3.1.2
62 silly currentTree +-- socket.io@1.4.6
62 silly currentTree | +-- debug@2.2.0
62 silly currentTree | | `-- ms@0.7.1
62 silly currentTree | +-- engine.io@1.6.9
62 silly currentTree | | +-- accepts@1.1.4
62 silly currentTree | | | +-- mime-types@2.0.14
62 silly currentTree | | | | `-- mime-db@1.12.0
62 silly currentTree | | | `-- negotiator@0.4.9
62 silly currentTree | | +-- base64id@0.1.0
62 silly currentTree | | +-- engine.io-parser@1.2.4
62 silly currentTree | | | +-- after@0.8.1
62 silly currentTree | | | +-- arraybuffer.slice@0.0.6
62 silly currentTree | | | +-- base64-arraybuffer@0.1.2
62 silly currentTree | | | +-- blob@0.0.4
62 silly currentTree | | | +-- has-binary@0.1.6
62 silly currentTree | | | | `-- isarray@0.0.1
62 silly currentTree | | | `-- utf8@2.1.0
62 silly currentTree | | `-- ws@1.0.1
62 silly currentTree | |   +-- options@0.0.6
62 silly currentTree | |   `-- ultron@1.0.2
62 silly currentTree | +-- has-binary@0.1.7
62 silly currentTree | | `-- isarray@0.0.1
62 silly currentTree | +-- socket.io-adapter@0.4.0
62 silly currentTree | | `-- socket.io-parser@2.2.2
62 silly currentTree | |   +-- benchmark@1.0.0
62 silly currentTree | |   +-- component-emitter@1.1.2
62 silly currentTree | |   +-- debug@0.7.4
62 silly currentTree | |   +-- isarray@0.0.1
62 silly currentTree | |   `-- json3@3.2.6
62 silly currentTree | +-- socket.io-client@1.4.6
62 silly currentTree | | +-- backo2@1.0.2
62 silly currentTree | | +-- component-bind@1.0.0
62 silly currentTree | | +-- component-emitter@1.2.0
62 silly currentTree | | +-- engine.io-client@1.6.9
62 silly currentTree | | | +-- component-emitter@1.1.2
62 silly currentTree | | | +-- component-inherit@0.0.3
62 silly currentTree | | | +-- engine.io-parser@1.2.4
62 silly currentTree | | | | +-- after@0.8.1
62 silly currentTree | | | | +-- arraybuffer.slice@0.0.6
62 silly currentTree | | | | +-- base64-arraybuffer@0.1.2
62 silly currentTree | | | | +-- blob@0.0.4
62 silly currentTree | | | | +-- has-binary@0.1.6
62 silly currentTree | | | | | `-- isarray@0.0.1
62 silly currentTree | | | | `-- utf8@2.1.0
62 silly currentTree | | | +-- has-cors@1.1.0
62 silly currentTree | | | +-- parsejson@0.0.1
62 silly currentTree | | | | `-- better-assert@1.0.2
62 silly currentTree | | | |   `-- callsite@1.0.0
62 silly currentTree | | | +-- parseqs@0.0.2
62 silly currentTree | | | | `-- better-assert@1.0.2
62 silly currentTree | | | |   `-- callsite@1.0.0
62 silly currentTree | | | +-- ws@1.0.1
62 silly currentTree | | | | +-- options@0.0.6
62 silly currentTree | | | | `-- ultron@1.0.2
62 silly currentTree | | | +-- xmlhttprequest-ssl@1.5.1
62 silly currentTree | | | `-- yeast@0.1.2
62 silly currentTree | | +-- indexof@0.0.1
62 silly currentTree | | +-- object-component@0.0.3
62 silly currentTree | | +-- parseuri@0.0.4
62 silly currentTree | | | `-- better-assert@1.0.2
62 silly currentTree | | |   `-- callsite@1.0.0
62 silly currentTree | | `-- to-array@0.1.4
62 silly currentTree | `-- socket.io-parser@2.2.6
62 silly currentTree |   +-- benchmark@1.0.0
62 silly currentTree |   +-- component-emitter@1.1.2
62 silly currentTree |   +-- isarray@0.0.1
62 silly currentTree |   `-- json3@3.3.2
62 silly currentTree +-- stack-trace@0.0.10
62 silly currentTree +-- string_decoder@1.0.3
62 silly currentTree +-- string-width@1.0.2
62 silly currentTree +-- strip-ansi@3.0.1
62 silly currentTree +-- to-array@0.1.4
62 silly currentTree +-- typedarray-to-buffer@3.1.2
62 silly currentTree +-- ultron@1.1.1
62 silly currentTree +-- util-deprecate@1.0.2
62 silly currentTree +-- websocket-driver@0.7.0
62 silly currentTree +-- websocket-extensions@0.1.3
62 silly currentTree +-- websocket@1.0.25
62 silly currentTree +-- window-size@0.1.4
62 silly currentTree +-- winston-daily-rotate-file@1.7.2
62 silly currentTree +-- winston@2.4.0
62 silly currentTree | `-- async@1.0.0
62 silly currentTree +-- wrap-ansi@2.1.0
62 silly currentTree +-- wrappy@1.0.2
62 silly currentTree +-- ws@3.3.3
62 silly currentTree +-- xmlhttprequest-ssl@1.5.4
62 silly currentTree +-- y18n@3.2.1
62 silly currentTree +-- yaeti@0.0.6
62 silly currentTree +-- yargs@3.32.0
62 silly currentTree `-- yeast@0.1.2
63 silly idealTree GameServer
63 silly idealTree +-- @protobufjs/aspromise@1.1.2
63 silly idealTree +-- @protobufjs/base64@1.1.2
63 silly idealTree +-- @protobufjs/codegen@2.0.4
63 silly idealTree +-- @protobufjs/eventemitter@1.1.0
63 silly idealTree +-- @protobufjs/fetch@1.1.0
63 silly idealTree +-- @protobufjs/float@1.0.2
63 silly idealTree +-- @protobufjs/inquire@1.1.0
63 silly idealTree +-- @protobufjs/path@1.1.2
63 silly idealTree +-- @protobufjs/pool@1.1.0
63 silly idealTree +-- @protobufjs/utf8@1.1.0
63 silly idealTree +-- @types/long@3.0.32
63 silly idealTree +-- @types/node@8.5.1
63 silly idealTree +-- after@0.8.2
63 silly idealTree +-- amqplib@0.5.2
63 silly idealTree | +-- isarray@0.0.1
63 silly idealTree | +-- readable-stream@1.1.14
63 silly idealTree | `-- string_decoder@0.10.31
63 silly idealTree +-- ansi-regex@2.1.1
63 silly idealTree +-- arraybuffer.slice@0.0.6
63 silly idealTree +-- ascli@1.0.1
63 silly idealTree +-- async-limiter@1.0.0
63 silly idealTree +-- async@2.1.4
63 silly idealTree +-- backo2@1.0.2
63 silly idealTree +-- balanced-match@1.0.0
63 silly idealTree +-- base64-arraybuffer@0.1.5
63 silly idealTree +-- better-assert@1.0.2
63 silly idealTree +-- bitsyntax@0.0.4
63 silly idealTree +-- blob@0.0.4
63 silly idealTree +-- bluebird@3.5.0
63 silly idealTree +-- brace-expansion@1.1.8
63 silly idealTree +-- bson@1.0.4
63 silly idealTree +-- buffer-more-ints@0.0.2
63 silly idealTree +-- buffer-shims@1.0.0
63 silly idealTree +-- bytebuffer@5.0.1
63 silly idealTree +-- callsite@1.0.0
63 silly idealTree +-- camelcase@2.1.1
63 silly idealTree +-- cliui@3.2.0
63 silly idealTree +-- co@4.6.0
63 silly idealTree +-- code-point-at@1.1.0
63 silly idealTree +-- colors@1.0.3
63 silly idealTree +-- colour@0.7.1
63 silly idealTree +-- component-bind@1.0.0
63 silly idealTree +-- component-emitter@1.2.1
63 silly idealTree +-- component-inherit@0.0.3
63 silly idealTree +-- concat-map@0.0.1
63 silly idealTree +-- core-util-is@1.0.2
63 silly idealTree +-- cycle@1.0.3
63 silly idealTree +-- debug@2.6.9
63 silly idealTree +-- decamelize@1.2.0
63 silly idealTree +-- engine.io-client@3.1.4
63 silly idealTree +-- engine.io-parser@2.1.1
63 silly idealTree +-- es6-promise@3.2.1
63 silly idealTree +-- express@4.14.0
63 silly idealTree | +-- accepts@1.3.3
63 silly idealTree | | +-- mime-types@2.1.11
63 silly idealTree | | | `-- mime-db@1.23.0
63 silly idealTree | | `-- negotiator@0.6.1
63 silly idealTree | +-- array-flatten@1.1.1
63 silly idealTree | +-- content-disposition@0.5.1
63 silly idealTree | +-- content-type@1.0.2
63 silly idealTree | +-- cookie-signature@1.0.6
63 silly idealTree | +-- cookie@0.3.1
63 silly idealTree | +-- debug@2.2.0
63 silly idealTree | | `-- ms@0.7.1
63 silly idealTree | +-- depd@1.1.0
63 silly idealTree | +-- encodeurl@1.0.1
63 silly idealTree | +-- escape-html@1.0.3
63 silly idealTree | +-- etag@1.7.0
63 silly idealTree | +-- finalhandler@0.5.0
63 silly idealTree | | +-- statuses@1.3.0
63 silly idealTree | | `-- unpipe@1.0.0
63 silly idealTree | +-- fresh@0.3.0
63 silly idealTree | +-- merge-descriptors@1.0.1
63 silly idealTree | +-- methods@1.1.2
63 silly idealTree | +-- on-finished@2.3.0
63 silly idealTree | | `-- ee-first@1.1.1
63 silly idealTree | +-- parseurl@1.3.1
63 silly idealTree | +-- path-to-regexp@0.1.7
63 silly idealTree | +-- proxy-addr@1.1.2
63 silly idealTree | | +-- forwarded@0.1.0
63 silly idealTree | | `-- ipaddr.js@1.1.1
63 silly idealTree | +-- qs@6.2.0
63 silly idealTree | +-- range-parser@1.2.0
63 silly idealTree | +-- send@0.14.1
63 silly idealTree | | +-- destroy@1.0.4
63 silly idealTree | | +-- http-errors@1.5.0
63 silly idealTree | | | +-- inherits@2.0.1
63 silly idealTree | | | `-- setprototypeof@1.0.1
63 silly idealTree | | +-- mime@1.3.4
63 silly idealTree | | +-- ms@0.7.1
63 silly idealTree | | `-- statuses@1.3.0
63 silly idealTree | +-- serve-static@1.11.1
63 silly idealTree | +-- type-is@1.6.13
63 silly idealTree | | +-- media-typer@0.3.0
63 silly idealTree | | `-- mime-types@2.1.11
63 silly idealTree | |   `-- mime-db@1.23.0
63 silly idealTree | +-- utils-merge@1.0.0
63 silly idealTree | `-- vary@1.1.0
63 silly idealTree +-- eyes@0.1.8
63 silly idealTree +-- faye-websocket@0.11.1
63 silly idealTree +-- fibers@1.0.15
63 silly idealTree +-- formidable@1.1.1
63 silly idealTree +-- fs.realpath@1.0.0
63 silly idealTree +-- glob@7.1.2
63 silly idealTree +-- google-protobuf@3.5.0
63 silly idealTree +-- has-binary2@1.0.2
63 silly idealTree +-- has-cors@1.1.0
63 silly idealTree +-- hooks-fixed@2.0.2
63 silly idealTree +-- http-parser-js@0.4.9
63 silly idealTree +-- indexof@0.0.1
63 silly idealTree +-- inflight@1.0.6
63 silly idealTree +-- inherits@2.0.3
63 silly idealTree +-- invert-kv@1.0.0
63 silly idealTree +-- is-fullwidth-code-point@1.0.0
63 silly idealTree +-- is-typedarray@1.0.0
63 silly idealTree +-- isarray@2.0.1
63 silly idealTree +-- isstream@0.1.2
63 silly idealTree +-- kareem@1.5.0
63 silly idealTree +-- knuth-shuffle@1.0.8
63 silly idealTree +-- lcid@1.0.0
63 silly idealTree +-- lodash.get@4.4.2
63 silly idealTree +-- lodash@4.17.4
63 silly idealTree +-- log4js@1.0.1
63 silly idealTree | +-- debug@2.3.3
63 silly idealTree | | `-- ms@0.7.2
63 silly idealTree | +-- semver@5.3.0
63 silly idealTree | `-- streamroller@0.2.1
63 silly idealTree |   +-- date-format@0.0.0
63 silly idealTree |   +-- debug@0.7.4
63 silly idealTree |   `-- readable-stream@1.1.14
63 silly idealTree |     +-- core-util-is@1.0.2
63 silly idealTree |     +-- inherits@2.0.3
63 silly idealTree |     +-- isarray@0.0.1
63 silly idealTree |     `-- string_decoder@0.10.31
63 silly idealTree +-- long@3.2.0
63 silly idealTree +-- memwatch@0.2.2
63 silly idealTree +-- minimatch@3.0.4
63 silly idealTree +-- minimist@0.0.8
63 silly idealTree +-- mkdirp@0.5.1
63 silly idealTree +-- mmq@1.0.1
63 silly idealTree | +-- mongodb-core@2.1.17
63 silly idealTree | `-- mongodb@2.2.33
63 silly idealTree +-- moment@2.20.1
63 silly idealTree +-- mongodb-core@3.0.0-rc0
63 silly idealTree +-- mongodb-queue@2.2.0
63 silly idealTree +-- mongodb@3.0.0-rc0
63 silly idealTree +-- mongoose@4.13.7
63 silly idealTree | +-- mongodb-core@2.1.17
63 silly idealTree | `-- mongodb@2.2.33
63 silly idealTree +-- mpath@0.3.0
63 silly idealTree +-- mpromise@0.5.5
63 silly idealTree +-- mquery@2.3.3
63 silly idealTree | `-- sliced@0.0.5
63 silly idealTree +-- ms@2.0.0
63 silly idealTree +-- muri@1.3.0
63 silly idealTree +-- nan@2.8.0
63 silly idealTree +-- node-uuid@1.4.8
63 silly idealTree +-- nodejs-websocket@1.7.1
63 silly idealTree +-- number-is-nan@1.0.1
63 silly idealTree +-- object-component@0.0.3
63 silly idealTree +-- once@1.4.0
63 silly idealTree +-- optjs@3.2.2
63 silly idealTree +-- os-locale@1.4.0
63 silly idealTree +-- parseqs@0.0.5
63 silly idealTree +-- parseuri@0.0.5
63 silly idealTree +-- path-is-absolute@1.0.1
63 silly idealTree +-- process-nextick-args@1.0.7
63 silly idealTree +-- protobufjs@6.8.3
63 silly idealTree +-- readable-stream@2.2.7
63 silly idealTree | `-- isarray@1.0.0
63 silly idealTree +-- regexp-clone@0.0.1
63 silly idealTree +-- require_optional@1.0.1
63 silly idealTree +-- resolve-from@2.0.0
63 silly idealTree +-- safe-buffer@5.1.1
63 silly idealTree +-- semver@5.4.1
63 silly idealTree +-- shortid@2.2.8
63 silly idealTree +-- sliced@1.0.1
63 silly idealTree +-- socket.io-client@2.0.4
63 silly idealTree +-- socket.io-parser@3.1.2
63 silly idealTree +-- socket.io@1.4.6
63 silly idealTree | +-- debug@2.2.0
63 silly idealTree | | `-- ms@0.7.1
63 silly idealTree | +-- engine.io@1.6.9
63 silly idealTree | | +-- accepts@1.1.4
63 silly idealTree | | | +-- mime-types@2.0.14
63 silly idealTree | | | | `-- mime-db@1.12.0
63 silly idealTree | | | `-- negotiator@0.4.9
63 silly idealTree | | +-- base64id@0.1.0
63 silly idealTree | | +-- engine.io-parser@1.2.4
63 silly idealTree | | | +-- after@0.8.1
63 silly idealTree | | | +-- arraybuffer.slice@0.0.6
63 silly idealTree | | | +-- base64-arraybuffer@0.1.2
63 silly idealTree | | | +-- blob@0.0.4
63 silly idealTree | | | +-- has-binary@0.1.6
63 silly idealTree | | | | `-- isarray@0.0.1
63 silly idealTree | | | `-- utf8@2.1.0
63 silly idealTree | | `-- ws@1.0.1
63 silly idealTree | |   +-- options@0.0.6
63 silly idealTree | |   `-- ultron@1.0.2
63 silly idealTree | +-- has-binary@0.1.7
63 silly idealTree | | `-- isarray@0.0.1
63 silly idealTree | +-- socket.io-adapter@0.4.0
63 silly idealTree | | `-- socket.io-parser@2.2.2
63 silly idealTree | |   +-- benchmark@1.0.0
63 silly idealTree | |   +-- component-emitter@1.1.2
63 silly idealTree | |   +-- debug@0.7.4
63 silly idealTree | |   +-- isarray@0.0.1
63 silly idealTree | |   `-- json3@3.2.6
63 silly idealTree | +-- socket.io-client@1.4.6
63 silly idealTree | | +-- backo2@1.0.2
63 silly idealTree | | +-- component-bind@1.0.0
63 silly idealTree | | +-- component-emitter@1.2.0
63 silly idealTree | | +-- engine.io-client@1.6.9
63 silly idealTree | | | +-- component-emitter@1.1.2
63 silly idealTree | | | +-- component-inherit@0.0.3
63 silly idealTree | | | +-- engine.io-parser@1.2.4
63 silly idealTree | | | | +-- after@0.8.1
63 silly idealTree | | | | +-- arraybuffer.slice@0.0.6
63 silly idealTree | | | | +-- base64-arraybuffer@0.1.2
63 silly idealTree | | | | +-- blob@0.0.4
63 silly idealTree | | | | +-- has-binary@0.1.6
63 silly idealTree | | | | | `-- isarray@0.0.1
63 silly idealTree | | | | `-- utf8@2.1.0
63 silly idealTree | | | +-- has-cors@1.1.0
63 silly idealTree | | | +-- parsejson@0.0.1
63 silly idealTree | | | | `-- better-assert@1.0.2
63 silly idealTree | | | |   `-- callsite@1.0.0
63 silly idealTree | | | +-- parseqs@0.0.2
63 silly idealTree | | | | `-- better-assert@1.0.2
63 silly idealTree | | | |   `-- callsite@1.0.0
63 silly idealTree | | | +-- ws@1.0.1
63 silly idealTree | | | | +-- options@0.0.6
63 silly idealTree | | | | `-- ultron@1.0.2
63 silly idealTree | | | +-- xmlhttprequest-ssl@1.5.1
63 silly idealTree | | | `-- yeast@0.1.2
63 silly idealTree | | +-- indexof@0.0.1
63 silly idealTree | | +-- object-component@0.0.3
63 silly idealTree | | +-- parseuri@0.0.4
63 silly idealTree | | | `-- better-assert@1.0.2
63 silly idealTree | | |   `-- callsite@1.0.0
63 silly idealTree | | `-- to-array@0.1.4
63 silly idealTree | `-- socket.io-parser@2.2.6
63 silly idealTree |   +-- benchmark@1.0.0
63 silly idealTree |   +-- component-emitter@1.1.2
63 silly idealTree |   +-- isarray@0.0.1
63 silly idealTree |   `-- json3@3.3.2
63 silly idealTree +-- stack-trace@0.0.10
63 silly idealTree +-- string_decoder@1.0.3
63 silly idealTree +-- string-width@1.0.2
63 silly idealTree +-- strip-ansi@3.0.1
63 silly idealTree +-- to-array@0.1.4
63 silly idealTree +-- typedarray-to-buffer@3.1.2
63 silly idealTree +-- ultron@1.1.1
63 silly idealTree +-- util-deprecate@1.0.2
63 silly idealTree +-- websocket-driver@0.7.0
63 silly idealTree +-- websocket-extensions@0.1.3
63 silly idealTree +-- websocket@1.0.25
63 silly idealTree +-- window-size@0.1.4
63 silly idealTree +-- winston-daily-rotate-file@1.7.2
63 silly idealTree +-- winston@2.4.0
63 silly idealTree | `-- async@1.0.0
63 silly idealTree +-- wrap-ansi@2.1.0
63 silly idealTree +-- wrappy@1.0.2
63 silly idealTree +-- ws@3.3.3
63 silly idealTree +-- xmlhttprequest-ssl@1.5.4
63 silly idealTree +-- y18n@3.2.1
63 silly idealTree +-- yaeti@0.0.6
63 silly idealTree +-- yargs@3.32.0
63 silly idealTree `-- yeast@0.1.2
64 silly generateActionsToTake Starting
65 silly install generateActionsToTake
66 silly generateActionsToTake Finishing
67 silly diffTrees action count 1
68 silly diffTrees add memwatch@0.2.2
69 silly decomposeActions action count 8
70 silly decomposeActions fetch memwatch@0.2.2
71 silly decomposeActions extract memwatch@0.2.2
72 silly decomposeActions test memwatch@0.2.2
73 silly decomposeActions preinstall memwatch@0.2.2
74 silly decomposeActions build memwatch@0.2.2
75 silly decomposeActions install memwatch@0.2.2
76 silly decomposeActions postinstall memwatch@0.2.2
77 silly decomposeActions finalize memwatch@0.2.2
78 silly runTopLevelLifecycles Starting
79 silly executeActions Starting
80 silly install executeActions
81 silly doSerial global-install 0
82 silly doParallel fetch 1
83 verbose correctMkdir C:\Users\Administrator\AppData\Roaming\npm-cache\_locks correctMkdir not in flight; initializing
84 verbose lock using C:\Users\Administrator\AppData\Roaming\npm-cache\_locks\staging-0bc6b3232cef4b9d.lock for D:\sport\crazy_football_server\GameServer\node_modules\.staging
85 silly doParallel extract 1
86 silly extract memwatch@0.2.2
87 verbose unbuild node_modules\.staging\memwatch-d787ac0e
88 silly gentlyRm D:\sport\crazy_football_server\GameServer\node_modules\.staging\memwatch-d787ac0e is being purged from base D:\sport\crazy_football_server\GameServer
89 verbose gentlyRm don't care about contents; nuking D:\sport\crazy_football_server\GameServer\node_modules\.staging\memwatch-d787ac0e
90 verbose tar unpack C:\Users\Administrator\AppData\Roaming\npm-cache\memwatch\0.2.2\package.tgz
91 verbose tar unpacking to D:\sport\crazy_football_server\GameServer\node_modules\.staging\memwatch-d787ac0e
92 silly gentlyRm D:\sport\crazy_football_server\GameServer\node_modules\.staging\memwatch-d787ac0e is being purged
93 verbose gentlyRm don't care about contents; nuking D:\sport\crazy_football_server\GameServer\node_modules\.staging\memwatch-d787ac0e
94 silly gunzTarPerm modes [ '777', '666' ]
95 silly gunzTarPerm extractEntry package.json
96 silly gunzTarPerm modified mode [ 'package.json', 420, 438 ]
97 silly gunzTarPerm extractEntry .npmignore
98 silly gunzTarPerm modified mode [ '.npmignore', 420, 438 ]
99 silly gunzTarPerm extractEntry README.md
100 silly gunzTarPerm modified mode [ 'README.md', 420, 438 ]
101 silly gunzTarPerm extractEntry tests.js
102 silly gunzTarPerm modified mode [ 'tests.js', 420, 438 ]
103 silly gunzTarPerm extractEntry foo.js
104 silly gunzTarPerm modified mode [ 'foo.js', 420, 438 ]
105 silly gunzTarPerm extractEntry include.js
106 silly gunzTarPerm modified mode [ 'include.js', 420, 438 ]
107 silly gunzTarPerm extractEntry .travis.yml
108 silly gunzTarPerm modified mode [ '.travis.yml', 420, 438 ]
109 silly gunzTarPerm extractEntry ChangeLog
110 silly gunzTarPerm modified mode [ 'ChangeLog', 420, 438 ]
111 silly gunzTarPerm extractEntry #wscript#
112 silly gunzTarPerm modified mode [ '#wscript#', 420, 438 ]
113 silly gunzTarPerm extractEntry binding.gyp
114 silly gunzTarPerm modified mode [ 'binding.gyp', 420, 438 ]
115 silly gunzTarPerm extractEntry src/heapdiff.cc
116 silly gunzTarPerm modified mode [ 'src/heapdiff.cc', 420, 438 ]
117 silly gunzTarPerm extractEntry src/heapdiff.hh
118 silly gunzTarPerm modified mode [ 'src/heapdiff.hh', 420, 438 ]
119 silly gunzTarPerm extractEntry src/init.cc
120 silly gunzTarPerm modified mode [ 'src/init.cc', 420, 438 ]
121 silly gunzTarPerm extractEntry src/memwatch.cc
122 silly gunzTarPerm modified mode [ 'src/memwatch.cc', 420, 438 ]
123 silly gunzTarPerm extractEntry src/memwatch.hh
124 silly gunzTarPerm modified mode [ 'src/memwatch.hh', 420, 438 ]
125 silly gunzTarPerm extractEntry src/platformcompat.hh
126 silly gunzTarPerm modified mode [ 'src/platformcompat.hh', 420, 438 ]
127 silly gunzTarPerm extractEntry src/util.cc
128 silly gunzTarPerm modified mode [ 'src/util.cc', 420, 438 ]
129 silly gunzTarPerm extractEntry src/util.hh
130 silly gunzTarPerm modified mode [ 'src/util.hh', 420, 438 ]
131 silly gunzTarPerm extractEntry examples/basic_heapdiff.js
132 silly gunzTarPerm modified mode [ 'examples/basic_heapdiff.js', 420, 438 ]
133 silly gunzTarPerm extractEntry examples/do_nothing_server.js
134 silly gunzTarPerm modified mode [ 'examples/do_nothing_server.js', 420, 438 ]
135 silly gunzTarPerm extractEntry examples/slightly_leaky.js
136 silly gunzTarPerm modified mode [ 'examples/slightly_leaky.js', 420, 438 ]
137 silly gentlyRm D:\sport\crazy_football_server\GameServer\node_modules\.staging\memwatch-d787ac0e\node_modules is being purged
138 verbose gentlyRm don't care about contents; nuking D:\sport\crazy_football_server\GameServer\node_modules\.staging\memwatch-d787ac0e\node_modules
139 silly doParallel preinstall 1
140 silly preinstall memwatch@0.2.2 D:\sport\crazy_football_server\GameServer\node_modules\.staging\memwatch-d787ac0e
141 info lifecycle memwatch@0.2.2~preinstall: memwatch@0.2.2
142 silly lifecycle memwatch@0.2.2~preinstall: no script for preinstall, continuing
143 silly doReverseSerial remove 0
144 silly doSerial move 0
145 silly doSerial finalize 1
146 silly finalize D:\sport\crazy_football_server\GameServer\node_modules\memwatch
147 silly doSerial build 1
148 silly build memwatch@0.2.2
149 info linkStuff memwatch@0.2.2
150 silly linkStuff memwatch@0.2.2 has D:\sport\crazy_football_server\GameServer\node_modules as its parent node_modules
151 verbose linkBins memwatch@0.2.2
152 verbose linkMans memwatch@0.2.2
153 silly doSerial global-link 0
154 silly doParallel update-linked 0
155 silly doSerial install 1
156 silly install memwatch@0.2.2 D:\sport\crazy_football_server\GameServer\node_modules\.staging\memwatch-d787ac0e
157 info lifecycle memwatch@0.2.2~install: memwatch@0.2.2
158 verbose lifecycle memwatch@0.2.2~install: unsafe-perm in lifecycle true
159 verbose lifecycle memwatch@0.2.2~install: PATH: D:\Program Files\nodejs\node_modules\npm\bin\node-gyp-bin;D:\sport\crazy_football_server\GameServer\node_modules\memwatch\node_modules\.bin;D:\sport\crazy_football_server\GameServer\node_modules\.bin;C:\Perl\bin;C:\Program Files (x86)\Microsoft DirectX SDK (December 2005)\Utilities\Bin\x86;C:\Windows\system32;C:\Windows;C:\Windows\System32\Wbem;C:\Windows\System32\WindowsPowerShell\v1.0;C:\Program Files (x86)\Microsoft SQL Server\100\Tools\Binn;C:\Program Files (x86)\Microsoft SQL Server\100\DTS\Binn;C:\Program Files (x86)\Microsoft SQL Server\100\Tools\Binn\VSShell\Common7\IDE;C:\Program Files (x86)\Microsoft Visual Studio 9.0\Common7\IDE\PrivateAssemblies;D:\Program Files (x86)\Git\cmd;C:\Program Files (x86)\GtkSharp\2.12\bin;C:\Program Files\Microsoft SQL Server\110\Tools\Binn;C:\Program Files\Microsoft SQL Server\120\Tools\Binn;D:\Program Files\NASM;C:\Python27;C:\Python27\Scripts;C:\Program Files\Microsoft DNX\Dnvm;C:\Program Files\Microsoft SQL Server\130\Tools\Binn;C:\Program Files (x86)\Windows Kits\8.1\Windows Performance Toolkit;D:\Program Files\Java\jdk1.8.0_131\bin;D:\Android\adt-bundle-windows-x86_64-20140702\adt-bundle-windows-x86_64-20140702\sdk\platform-tools;D:\Android\adt-bundle-windows-x86_64-20140702\adt-bundle-windows-x86_64-20140702\sdk\tools;D:\Program Files\CMake\bin;D:\Program Files\protoc\bin;D:\Program Files (x86)\Microsoft Visual Studio 12.0\VC\bin;D:\Go\bin;D:\Program Files\nodejs\;C:\Program Files (x86)\Windows Kits\8.1\Windows Performance Toolkit\;D:\Program Files (x86)\Microsoft SQL Server\100\Tools\Binn\;D:\Program Files\Microsoft SQL Server\100\Tools\Binn\;D:\Program Files\Microsoft SQL Server\100\DTS\Binn\;D:\Program Files (x86)\Microsoft SQL Server\100\Tools\Binn\VSShell\Common7\IDE\;C:\Program Files (x86)\Microsoft Visual Studio 9.0\Common7\IDE\PrivateAssemblies\;D:\Program Files (x86)\Microsoft SQL Server\100\DTS\Binn\;D:\phpStudy\php55n;d:\Program Files\Git\cmd;D:\Program Files\TortoiseGit\bin;C:\ProgramData\ComposerSetup\bin;d:\Cocos\Cocos2d-x\Cocos2d-x-3.10\templates;d:\Cocos\Cocos2d-x\Cocos2d-x-3.10\tools\cocos2d-console\bin;C:\Users\Administrator\AppData\Roaming\npm;C:\Program Files (x86)\Microsoft SDKs\Windows\v7.1A\Bin;d:\Program Files\Microsoft VS Code\bin;D:\Program Files\nodejs;C:\Users\Administrator\AppData\Roaming\Composer\vendor\bin;D:\Program Files\mongodb\bin;D:\Program Files\TortoiseGit\bin
160 verbose lifecycle memwatch@0.2.2~install: CWD: D:\sport\crazy_football_server\GameServer\node_modules\memwatch
161 silly lifecycle memwatch@0.2.2~install: Args: [ '/d /s /c', 'node-gyp rebuild' ]
162 silly lifecycle memwatch@0.2.2~install: Returned: code: 1  signal: null
163 info lifecycle memwatch@0.2.2~install: Failed to exec install script
164 verbose unlock done using C:\Users\Administrator\AppData\Roaming\npm-cache\_locks\staging-0bc6b3232cef4b9d.lock for D:\sport\crazy_football_server\GameServer\node_modules\.staging
165 silly rollbackFailedOptional Starting
166 silly rollbackFailedOptional Finishing
167 silly runTopLevelLifecycles Finishing
168 silly install printInstalled
169 warn enoent ENOENT: no such file or directory, open 'D:\sport\crazy_football_server\GameServer\package.json'
170 verbose enoent ENOENT: no such file or directory, open 'D:\sport\crazy_football_server\GameServer\package.json'
170 verbose enoent This is most likely not a problem with npm itself
170 verbose enoent and is related to npm not being able to find a file.
171 warn GameServer No description
172 verbose If you need help, you may report this error at:
172 verbose     <https://github.com/npm/npm/issues>
173 warn GameServer No repository field.
174 verbose If you need help, you may report this error at:
174 verbose     <https://github.com/npm/npm/issues>
175 warn GameServer No README data
176 verbose If you need help, you may report this error at:
176 verbose     <https://github.com/npm/npm/issues>
177 warn GameServer No license field.
178 verbose If you need help, you may report this error at:
178 verbose     <https://github.com/npm/npm/issues>
179 verbose stack Error: memwatch@0.2.2 install: `node-gyp rebuild`
179 verbose stack Exit status 1
179 verbose stack     at EventEmitter.<anonymous> (D:\Program Files\nodejs\node_modules\npm\lib\utils\lifecycle.js:255:16)
179 verbose stack     at emitTwo (events.js:106:13)
179 verbose stack     at EventEmitter.emit (events.js:191:7)
179 verbose stack     at ChildProcess.<anonymous> (D:\Program Files\nodejs\node_modules\npm\lib\utils\spawn.js:40:14)
179 verbose stack     at emitTwo (events.js:106:13)
179 verbose stack     at ChildProcess.emit (events.js:191:7)
179 verbose stack     at maybeClose (internal/child_process.js:891:16)
179 verbose stack     at Process.ChildProcess._handle.onexit (internal/child_process.js:226:5)
180 verbose pkgid memwatch@0.2.2
181 verbose cwd D:\sport\crazy_football_server\GameServer\Json
182 error Windows_NT 6.1.7601
183 error argv "D:\\Program Files\\nodejs\\node.exe" "D:\\Program Files\\nodejs\\node_modules\\npm\\bin\\npm-cli.js" "install" "memwatch"
184 error node v6.11.2
185 error npm  v3.10.10
186 error code ELIFECYCLE
187 error memwatch@0.2.2 install: `node-gyp rebuild`
187 error Exit status 1
188 error Failed at the memwatch@0.2.2 install script 'node-gyp rebuild'.
188 error Make sure you have the latest version of node.js and npm installed.
188 error If you do, this is most likely a problem with the memwatch package,
188 error not with npm itself.
188 error Tell the author that this fails on your system:
188 error     node-gyp rebuild
188 error You can get information on how to open an issue for this project with:
188 error     npm bugs memwatch
188 error Or if that isn't available, you can get their info via:
188 error     npm owner ls memwatch
188 error There is likely additional logging output above.
189 verbose exit [ 1, true ]
